#
# There is insufficient memory for the Java Runtime Environment to continue.
# Native memory allocation (mmap) failed to map 352256 bytes for card table expansion
# Possible reasons:
#   The system is out of physical RAM or swap space
#   The process is running with CompressedOops enabled, and the Java Heap may be blocking the growth of the native heap
# Possible solutions:
#   Reduce memory load on the system
#   Increase physical memory or swap space
#   Check if swap backing store is full
#   Decrease Java heap size (-Xmx/-Xms)
#   Decrease number of Java threads
#   Decrease Java thread stack sizes (-Xss)
#   Set larger code cache with -XX:ReservedCodeCacheSize=
# This output file may be truncated or incomplete.
#
#  Out of Memory Error (os_windows.cpp:3377), pid=10680, tid=0x0000000000002bc0
#
# JRE version:  (8.0_231-b11) (build )
# Java VM: Java HotSpot(TM) 64-Bit Server VM (25.231-b11 mixed mode windows-amd64 compressed oops)
# Failed to write core dump. Minidumps are not enabled by default on client versions of Windows
#

---------------  T H R E A D  ---------------

Current thread (0x0000000002516000):  JavaThread "Unknown thread" [_thread_in_vm, id=11200, stack(0x0000000002390000,0x0000000002490000)]

Stack: [0x0000000002390000,0x0000000002490000]
[error occurred during error reporting (printing stack bounds), id 0xc0000005]

Native frames: (J=compiled Java code, j=interpreted, Vv=VM code, C=native code)


---------------  P R O C E S S  ---------------

Java Threads: ( => current thread )

Other Threads:

=>0x0000000002516000 (exited) JavaThread "Unknown thread" [_thread_in_vm, id=11200, stack(0x0000000002390000,0x0000000002490000)]

VM state:not at safepoint (not fully initialized)

VM Mutex/Monitor currently owned by a thread: None

heap address: 0x0000000080000000, size: 2048 MB, Compressed Oops mode: Non-zero based:0x000000007ffff000
Narrow klass base: 0x0000000000000000, Narrow klass shift: 0

GC Heap History (0 events):
No events

Deoptimization events (0 events):
No events

Classes redefined (0 events):
No events

Internal exceptions (0 events):
No events

Events (0 events):
No events


Dynamic libraries:
0x00007ff624000000 - 0x00007ff624037000 	C:\Program Files\Java\jre1.8.0_231\bin\javaw.exe
0x00007fff4e660000 - 0x00007fff4e850000 	C:\WINDOWS\SYSTEM32\ntdll.dll
0x00007fff4cdf0000 - 0x00007fff4cea2000 	C:\WINDOWS\System32\KERNEL32.DLL
0x00007fff4c210000 - 0x00007fff4c4b4000 	C:\WINDOWS\System32\KERNELBASE.dll
0x00007fff4d9f0000 - 0x00007fff4da93000 	C:\WINDOWS\System32\ADVAPI32.dll
0x00007fff4cc30000 - 0x00007fff4ccce000 	C:\WINDOWS\System32\msvcrt.dll
0x00007fff4d900000 - 0x00007fff4d997000 	C:\WINDOWS\System32\sechost.dll
0x00007fff4daa0000 - 0x00007fff4dbc0000 	C:\WINDOWS\System32\RPCRT4.dll
0x00007fff4d600000 - 0x00007fff4d794000 	C:\WINDOWS\System32\USER32.dll
0x00007fff4c130000 - 0x00007fff4c151000 	C:\WINDOWS\System32\win32u.dll
0x00007fff4d9c0000 - 0x00007fff4d9e6000 	C:\WINDOWS\System32\GDI32.dll
0x00007fff4c4f0000 - 0x00007fff4c685000 	C:\WINDOWS\System32\gdi32full.dll
0x00007fff4c090000 - 0x00007fff4c12e000 	C:\WINDOWS\System32\msvcp_win.dll
0x00007fff4c690000 - 0x00007fff4c78a000 	C:\WINDOWS\System32\ucrtbase.dll
0x00007fff39310000 - 0x00007fff39594000 	C:\WINDOWS\WinSxS\amd64_microsoft.windows.common-controls_6595b64144ccf1df_6.0.18362.900_none_e6beb9d913147d17\COMCTL32.dll
0x00007fff4cfd0000 - 0x00007fff4d305000 	C:\WINDOWS\System32\combase.dll
0x00007fff4b6e0000 - 0x00007fff4b760000 	C:\WINDOWS\System32\bcryptPrimitives.dll
0x00007fff4c790000 - 0x00007fff4c7be000 	C:\WINDOWS\System32\IMM32.DLL
0x00000000646f0000 - 0x00000000647c2000 	C:\Program Files\Java\jre1.8.0_231\bin\msvcr100.dll
0x00000000647d0000 - 0x0000000065076000 	C:\Program Files\Java\jre1.8.0_231\bin\server\jvm.dll
0x00007fff4e540000 - 0x00007fff4e548000 	C:\WINDOWS\System32\PSAPI.DLL
0x00007fff25280000 - 0x00007fff25289000 	C:\WINDOWS\SYSTEM32\WSOCK32.dll
0x00007fff4cf60000 - 0x00007fff4cfcf000 	C:\WINDOWS\System32\WS2_32.dll
0x00007fff49360000 - 0x00007fff49384000 	C:\WINDOWS\SYSTEM32\WINMM.dll
0x00007fff49f70000 - 0x00007fff49f7a000 	C:\WINDOWS\SYSTEM32\VERSION.dll
0x00007fff49330000 - 0x00007fff4935d000 	C:\WINDOWS\SYSTEM32\WINMMBASE.dll
0x00007fff4b690000 - 0x00007fff4b6da000 	C:\WINDOWS\System32\cfgmgr32.dll
0x00007fff49f00000 - 0x00007fff49f0f000 	C:\Program Files\Java\jre1.8.0_231\bin\verify.dll
0x00007fff3e490000 - 0x00007fff3e4b9000 	C:\Program Files\Java\jre1.8.0_231\bin\java.dll
0x00007fff49eb0000 - 0x00007fff49ec6000 	C:\Program Files\Java\jre1.8.0_231\bin\zip.dll

VM Arguments:
jvm_args: -Dcom.sun.management.jmxremote -Dcom.sun.management.jmxremote.port=52832 -Dcom.sun.management.jmxremote.authenticate=false -Dcom.sun.management.jmxremote.ssl=false -Djava.rmi.server.hostname=localhost -Dspring.jmx.enabled=true -Dspring.application.admin.enabled=true -Xms512M -Xmx2048M -Xverify:none -XX:TieredStopAtLevel=1 -Dspring.boot.project.name=managerEmp_service -Dfile.encoding=UTF-8 
java_command: com.rohit.reg.service.ManagerEmpServiceApplication --spring.output.ansi.enabled=always
java_class_path (initial): F:\myproject\Spring Project\managerEmp_service\target\classes;C:\Users\Admin\.m2\repository\org\springframework\boot\spring-boot-starter-data-jpa\2.3.1.RELEASE\spring-boot-starter-data-jpa-2.3.1.RELEASE.jar;C:\Users\Admin\.m2\repository\org\springframework\boot\spring-boot-starter-aop\2.3.1.RELEASE\spring-boot-starter-aop-2.3.1.RELEASE.jar;C:\Users\Admin\.m2\repository\org\springframework\spring-aop\5.2.7.RELEASE\spring-aop-5.2.7.RELEASE.jar;C:\Users\Admin\.m2\repository\org\aspectj\aspectjweaver\1.9.5\aspectjweaver-1.9.5.jar;C:\Users\Admin\.m2\repository\org\springframework\boot\spring-boot-starter-jdbc\2.3.1.RELEASE\spring-boot-starter-jdbc-2.3.1.RELEASE.jar;C:\Users\Admin\.m2\repository\com\zaxxer\HikariCP\3.4.5\HikariCP-3.4.5.jar;C:\Users\Admin\.m2\repository\org\springframework\spring-jdbc\5.2.7.RELEASE\spring-jdbc-5.2.7.RELEASE.jar;C:\Users\Admin\.m2\repository\jakarta\transaction\jakarta.transaction-api\1.3.3\jakarta.transaction-api-1.3.3.jar;C:\Users\Admin\.m2\repository\jakarta\persistence\jakarta.persistence-api\2.2.3\jakarta.persistence-api-2.2.3.jar;C:\Users\Admin\.m2\repository\org\hibernate\hibernate-core\5.4.17.Final\hibernate-core-5.4.17.Final.jar;C:\Users\Admin\.m2\repository\org\jboss\logging\jboss-logging\3.4.1.Final\jboss-logging-3.4.1.Final.jar;C:\Users\Admin\.m2\repository\org\javassist\javassist\3.24.0-GA\javassist-3.24.0-GA.jar;C:\Users\Admin\.m2\repository\net\bytebuddy\byte-buddy\1.10.11\byte-buddy-1.10.11.jar;C:\Users\Admin\.m2\repository\antlr\antlr\2.7.7\antlr-2.7.7.jar;C:\Users\Admin\.m2\repository\org\jboss\jandex\2.1.3.Final\jandex-2.1.3.Final.jar;C:\Users\Admin\.m2\repository\com\fasterxml\classmate\1.5.1\classmate-1.5.1.jar;C:\Users\Admin\.m2\repository\org\dom4j\dom4j\2.1.3\dom4j-2.1.3.jar;C:\Users\Admin\.m2\repository\org\hibernate\common\hibernate-commons-annotations\5.1.0.Final\hibernate-commons-annotations-5.1.0.Final.jar;C:\Users\Admin\.m2\repository\org\glassfish\jaxb\jaxb-runtime\2.3.3\jaxb-runti
Launcher Type: SUN_STANDARD

Environment Variables:
PATH=C:/Program Files/Java/jre1.8.0_231/bin/server;C:/Program Files/Java/jre1.8.0_231/bin;C:/Program Files/Java/jre1.8.0_231/lib/amd64;C:\Program Files (x86)\Common Files\Oracle\Java\javapath;F:\app\Admin\product\11.2.0\dbhome_1\bin;C:\WINDOWS\system32;C:\WINDOWS;C:\WINDOWS\System32\Wbem;C:\WINDOWS\System32\WindowsPowerShell\v1.0\;C:\Program Files\dotnet\;C:\Program Files\Microsoft SQL Server\Client SDK\ODBC\130\Tools\Binn\;C:\Program Files (x86)\Microsoft SQL Server\140\Tools\Binn\;C:\Program Files\Microsoft SQL Server\140\Tools\Binn\;C:\Program Files\Microsoft SQL Server\140\DTS\Binn\;C:\Program Files (x86)\Microsoft SQL Server\140\DTS\Binn\;C:\Program Files (x86)\MySQL\MySQL Server 5.5\bin;C:\Program Files\nodejs\;C:\Program Files\Intel\WiFi\bin\;C:\Program Files\Common Files\Intel\WirelessCommon\;C:\Program Files\Git\cmd;C:\Program Files\Microsoft SQL Server\Client SDK\ODBC\170\Tools\Binn\;C:\Program Files (x86)\Microsoft SQL Server\150\Tools\Binn\;C:\Program Files\Microsoft SQL Server\150\Tools\Binn\;C:\Program Files\Microsoft SQL Server\150\DTS\Binn\;C:\WINDOWS\System32\OpenSSH\;C:\Program Files (x86)\Microsoft SQL Server\150\DTS\Binn\;C:\Program Files\apache-maven-3.6.3\bin;C:\Users\Admin\AppData\Roaming\npm;C:\Program Files\Intel\WiFi\bin\;C:\Program Files\Common Files\Intel\WirelessCommon\;C:\Users\Admin\AppData\Local\Programs\Microsoft VS Code\bin;C:\Users\Admin\AppData\Local\Microsoft\WindowsApps;C:\Users\Admin\AppData\Roaming\npm;C:\Users\Admin\AppData\Roaming\npm\node_modules\@angular\cli\bin;;F:\myproject\Spring tool suits\sts-4.7.0.RELEASE;
USERNAME=Admin
OS=Windows_NT
PROCESSOR_IDENTIFIER=Intel64 Family 6 Model 60 Stepping 3, GenuineIntel



---------------  S Y S T E M  ---------------

OS: Windows 10.0 , 64 bit Build 18362 (10.0.18362.900)

CPU:total 4 (initial active 4) (2 cores per cpu, 2 threads per core) family 6 model 60 stepping 3, cmov, cx8, fxsr, mmx, sse, sse2, sse3, ssse3, sse4.1, sse4.2, popcnt, avx, avx2, aes, clmul, erms, lzcnt, ht, tsc, tscinvbit, bmi1, bmi2

Memory: 4k page, physical 4104472k(752720k free), swap 6059288k(5440k free)

vm_info: Java HotSpot(TM) 64-Bit Server VM (25.231-b11) for windows-amd64 JRE (1.8.0_231-b11), built on Oct  5 2019 03:11:30 by "java_re" with MS VC++ 10.0 (VS2010)

time: Sat Jul 18 03:39:14 2020
timezone: India Standard Time
elapsed time: 0 seconds (0d 0h 0m 0s)

