#
# A fatal error has been detected by the Java Runtime Environment:
#
#  EXCEPTION_STACK_OVERFLOW (0xc00000fd) at pc=0x0000000056b75087, pid=6572, tid=0x0000000000002354
#
# JRE version: Java(TM) SE Runtime Environment (8.0_231-b11) (build 1.8.0_231-b11)
# Java VM: Java HotSpot(TM) 64-Bit Server VM (25.231-b11 mixed mode windows-amd64 compressed oops)
# Problematic frame:
# V  [jvm.dll+0x215087]
#
# Failed to write core dump. Minidumps are not enabled by default on client versions of Windows
#
# If you would like to submit a bug report, please visit:
#   http://bugreport.java.com/bugreport/crash.jsp
#

---------------  T H R E A D  ---------------

Current thread (0x0000000019331000):  JavaThread "http-nio-9090-exec-4" daemon [_thread_in_vm, id=9044, stack(0x000000001b460000,0x000000001b560000)]

siginfo: ExceptionCode=0xc00000fd, ExceptionInformation=0x0000000000000001 0x000000001b55c3f0 

Registers:
RAX=0x000000001b55c3f0, RBX=0x0000000000000004, RCX=0x0000000000003000, RDX=0x0000000000000006
RSP=0x000000001b55f3f0, RBP=0x0000000000000000, RSI=0x000000001b55f3f0, RDI=0x0000000000000004
R8 =0x0000000000000006, R9 =0x00000000195b3320, R10=0x000000001484c678, R11=0x000000001b46a148
R12=0x00000000195b3320, R13=0x0000000019331000, R14=0x000000001b55f4b8, R15=0x000000001484c678
RIP=0x0000000056b75087, EFLAGS=0x0000000000010206

Top of Stack: (sp=0x000000001b55f3f0)
0x000000001b55f3f0:   0000af020ff15234 0000000100006c48
0x000000001b55f400:   0000000019331000 00000000195b3320
0x000000001b55f410:   00000000ffffffff 0000000056b75fb7
0x000000001b55f420:   000000001b55f520 000000001484c678
0x000000001b55f430:   0000000019331000 0000000056a21073
0x000000001b55f440:   000000001b55f480 0000000019331000
0x000000001b55f450:   000000001b55f510 0000000019331000
0x000000001b55f460:   000000001484c678 0000000019331000
0x000000001b55f470:   0000000002bc3be0 0000000019331000
0x000000001b55f480:   000000001484c678 0000000019331000
0x000000001b55f490:   000000001484c678 0000000019331000
0x000000001b55f4a0:   0000000000000001 000000001484c678
0x000000001b55f4b0:   0000000019331000 0000000019440c20
0x000000001b55f4c0:   0000000019331000 0000000056a227dd
0x000000001b55f4d0:   000000001b55f7d8 0000000100006c48
0x000000001b55f4e0:   00000001003c2c28 00007fff9e850000 

Instructions: (pc=0x0000000056b75087)
0x0000000056b75067:   48 89 6c 24 30 33 ed 66 90 e8 8b 5c 08 00 ff c3
0x0000000056b75077:   48 63 c8 48 8b c6 48 0f af cf 48 ff c7 48 2b c1
0x0000000056b75087:   89 28 48 63 c3 48 3b 05 15 b8 59 00 7e db 48 8b
0x0000000056b75097:   6c 24 30 48 8b 5c 24 38 48 8b 74 24 40 48 83 c4 


Register to memory mapping:

RAX=0x000000001b55c3f0 is pointing into the stack for thread: 0x0000000019331000
RBX=0x0000000000000004 is an unknown value
RCX=0x0000000000003000 is an unknown value
RDX=0x0000000000000006 is an unknown value
RSP=0x000000001b55f3f0 is pointing into the stack for thread: 0x0000000019331000
RBP=0x0000000000000000 is an unknown value
RSI=0x000000001b55f3f0 is pointing into the stack for thread: 0x0000000019331000
RDI=0x0000000000000004 is an unknown value
R8 =0x0000000000000006 is an unknown value
R9 =0x00000000195b3320 is an unknown value
R10={method} {0x000000001484c680} 'run' '()V' in 'java/lang/Thread'
R11=0x000000001b46a148 is pointing into the stack for thread: 0x0000000019331000
R12=0x00000000195b3320 is an unknown value
R13=0x0000000019331000 is a thread
R14=0x000000001b55f4b8 is pointing into the stack for thread: 0x0000000019331000
R15={method} {0x000000001484c680} 'run' '()V' in 'java/lang/Thread'


Stack: [0x000000001b460000,0x000000001b560000],  sp=0x000000001b55f3f0,  free space=1020k
Native frames: (J=compiled Java code, j=interpreted, Vv=VM code, C=native code)


---------------  P R O C E S S  ---------------

Java Threads: ( => current thread )
  0x000000001b865000 JavaThread "http-nio-9090-Acceptor" daemon [_thread_in_vm, id=7448, stack(0x000000001cd30000,0x000000001ce30000)]
  0x000000001b860800 JavaThread "http-nio-9090-ClientPoller" daemon [_thread_in_native, id=1700, stack(0x000000001cc30000,0x000000001cd30000)]
  0x000000001b867000 JavaThread "http-nio-9090-exec-10" daemon [_thread_in_vm, id=9716, stack(0x000000001cb30000,0x000000001cc30000)]
  0x000000001b866800 JavaThread "http-nio-9090-exec-9" daemon [_thread_blocked, id=9676, stack(0x000000001c930000,0x000000001ca30000)]
  0x000000001b864000 JavaThread "http-nio-9090-exec-8" daemon [_thread_blocked, id=2352, stack(0x000000001c830000,0x000000001c930000)]
  0x0000000019334000 JavaThread "http-nio-9090-exec-7" daemon [_thread_blocked, id=6184, stack(0x000000001b760000,0x000000001b860000)]
  0x0000000019332800 JavaThread "http-nio-9090-exec-6" daemon [_thread_blocked, id=9636, stack(0x000000001b660000,0x000000001b760000)]
  0x0000000019332000 JavaThread "http-nio-9090-exec-5" daemon [_thread_blocked, id=8948, stack(0x000000001b560000,0x000000001b660000)]
=>0x0000000019331000 JavaThread "http-nio-9090-exec-4" daemon [_thread_in_vm, id=9044, stack(0x000000001b460000,0x000000001b560000)]
  0x0000000019335800 JavaThread "http-nio-9090-exec-3" daemon [_thread_blocked, id=7876, stack(0x000000001b360000,0x000000001b460000)]
  0x0000000019336800 JavaThread "http-nio-9090-exec-2" daemon [_thread_blocked, id=11088, stack(0x000000001b260000,0x000000001b360000)]
  0x0000000019333800 JavaThread "http-nio-9090-exec-1" daemon [_thread_blocked, id=11824, stack(0x000000001b160000,0x000000001b260000)]
  0x0000000019330800 JavaThread "http-nio-9090-BlockPoller" daemon [_thread_in_native, id=5216, stack(0x000000001af60000,0x000000001b060000)]
  0x0000000019335000 JavaThread "task-1" [_thread_in_Java, id=9664, stack(0x000000001aa60000,0x000000001ab60000)]
  0x000000001901e000 JavaThread "mysql-cj-abandoned-connection-cleanup" daemon [_thread_blocked, id=7864, stack(0x000000001a760000,0x000000001a860000)]
  0x0000000019002000 JavaThread "container-0" [_thread_blocked, id=9456, stack(0x000000001a660000,0x000000001a760000)]
  0x0000000019001000 JavaThread "Catalina-utility-2" [_thread_blocked, id=8200, stack(0x000000001a560000,0x000000001a660000)]
  0x0000000019000800 JavaThread "Catalina-utility-1" [_thread_blocked, id=10768, stack(0x0000000018690000,0x0000000018790000)]
  0x00000000175d8800 JavaThread "JMX server connection timeout 17" daemon [_thread_blocked, id=11648, stack(0x0000000018250000,0x0000000018350000)]
  0x00000000175ac800 JavaThread "RMI TCP Connection(2)-127.0.0.1" daemon [_thread_in_native, id=1572, stack(0x0000000018150000,0x0000000018250000)]
  0x00000000175c6800 JavaThread "RMI Scheduler(0)" daemon [_thread_blocked, id=10880, stack(0x0000000018050000,0x0000000018150000)]
  0x0000000017573000 JavaThread "RMI TCP Connection(1)-127.0.0.1" daemon [_thread_in_native, id=2320, stack(0x0000000017f50000,0x0000000018050000)]
  0x000000001754c800 JavaThread "RMI TCP Accept-0" daemon [_thread_in_native, id=9480, stack(0x0000000017d50000,0x0000000017e50000)]
  0x0000000017549800 JavaThread "RMI TCP Accept-53331" daemon [_thread_in_native, id=3896, stack(0x0000000017c50000,0x0000000017d50000)]
  0x0000000017540000 JavaThread "RMI TCP Accept-0" daemon [_thread_in_native, id=8892, stack(0x0000000017b50000,0x0000000017c50000)]
  0x0000000016b4e000 JavaThread "Service Thread" daemon [_thread_blocked, id=4016, stack(0x0000000016f10000,0x0000000017010000)]
  0x00000000151f5000 JavaThread "C1 CompilerThread2" daemon [_thread_blocked, id=6196, stack(0x0000000016a10000,0x0000000016b10000)]
  0x00000000151cc000 JavaThread "C2 CompilerThread1" daemon [_thread_blocked, id=4816, stack(0x0000000016910000,0x0000000016a10000)]
  0x00000000151c4800 JavaThread "C2 CompilerThread0" daemon [_thread_blocked, id=6836, stack(0x0000000016810000,0x0000000016910000)]
  0x00000000151c3000 JavaThread "Attach Listener" daemon [_thread_blocked, id=5044, stack(0x0000000016710000,0x0000000016810000)]
  0x00000000151c2000 JavaThread "Signal Dispatcher" daemon [_thread_blocked, id=8236, stack(0x0000000016610000,0x0000000016710000)]
  0x00000000151aa000 JavaThread "Finalizer" daemon [_thread_blocked, id=5152, stack(0x0000000016410000,0x0000000016510000)]
  0x0000000002ba4000 JavaThread "Reference Handler" daemon [_thread_blocked, id=3704, stack(0x0000000016310000,0x0000000016410000)]
  0x0000000002ab6000 JavaThread "main" [_thread_in_Java, id=7748, stack(0x00000000029b0000,0x0000000002ab0000)]

Other Threads:
  0x0000000015188000 VMThread [stack: 0x0000000016210000,0x0000000016310000] [id=3580]
  0x000000001754e800 WatcherThread [stack: 0x0000000017e50000,0x0000000017f50000] [id=10884]

VM state:not at safepoint (normal execution)

VM Mutex/Monitor currently owned by a thread: None

heap address: 0x00000000c1400000, size: 1004 MB, Compressed Oops mode: 32-bit
Narrow klass base: 0x0000000000000000, Narrow klass shift: 3
Compressed class space size: 1073741824 Address: 0x0000000100000000

Heap:
 PSYoungGen      total 48640K, used 28205K [0x00000000eb180000, 0x00000000ef380000, 0x0000000100000000)
  eden space 43008K, 52% used [0x00000000eb180000,0x00000000ec78dc88,0x00000000edb80000)
  from space 5632K, 99% used [0x00000000eee00000,0x00000000ef37d798,0x00000000ef380000)
  to   space 5632K, 0% used [0x00000000edb80000,0x00000000edb80000,0x00000000ee100000)
 ParOldGen       total 36352K, used 15224K [0x00000000c1400000, 0x00000000c3780000, 0x00000000eb180000)
  object space 36352K, 41% used [0x00000000c1400000,0x00000000c22de070,0x00000000c3780000)
 Metaspace       used 33266K, capacity 35335K, committed 35496K, reserved 1079296K
  class space    used 4645K, capacity 5027K, committed 5032K, reserved 1048576K

Card table byte_map: [0x0000000011f70000,0x0000000012170000] byte_map_base: 0x0000000011966000

Marking Bits: (ParMarkBitMap*) 0x0000000057186d90
 Begin Bits: [0x00000000126c0000, 0x0000000013670000)
 End Bits:   [0x0000000013670000, 0x0000000014620000)

Polling page: 0x0000000000ed0000

CodeCache: size=245760Kb used=5997Kb max_used=5997Kb free=239762Kb
 bounds [0x0000000002bb0000, 0x0000000003190000, 0x0000000011bb0000]
 total_blobs=3489 nmethods=3069 adapters=332
 compilation: enabled

Compilation events (10 events):
Event: 14.838 Thread 0x00000000151f5000 3089       1       org.springframework.jmx.export.MBeanExporter::isBeanDefinitionAbstract (41 bytes)
Event: 14.839 Thread 0x00000000151f5000 nmethod 3089 0x0000000003181850 code [0x00000000031819e0, 0x0000000003181c88]
Event: 14.845 Thread 0x00000000151f5000 3090       1       javax.management.ImmutableDescriptor::union (337 bytes)
Event: 14.849 Thread 0x00000000151f5000 nmethod 3090 0x0000000003181dd0 code [0x00000000031820a0, 0x0000000003182e08]
Event: 14.849 Thread 0x00000000151f5000 3091       1       com.sun.jmx.mbeanserver.MXBeanIntrospector::originalTypeString (20 bytes)
Event: 14.850 Thread 0x00000000151f5000 nmethod 3091 0x0000000003183dd0 code [0x0000000003183f40, 0x0000000003184118]
Event: 14.852 Thread 0x00000000151f5000 3096       1       java.io.ObjectInputStream$PeekInputStream::readFully (48 bytes)
Event: 14.853 Thread 0x00000000151f5000 nmethod 3096 0x0000000003184410 code [0x0000000003184580, 0x0000000003184778]
Event: 15.137 Thread 0x00000000151f5000 3099       1       java.io.WinNTFileSystem::parentOrNull (171 bytes)
Event: 15.139 Thread 0x00000000151f5000 nmethod 3099 0x0000000003185610 code [0x00000000031857e0, 0x0000000003185c78]

GC Heap History (10 events):
Event: 7.693 GC heap before
{Heap before GC invocations=9 (full 1):
 PSYoungGen      total 35328K, used 2553K [0x00000000eb180000, 0x00000000ed680000, 0x0000000100000000)
  eden space 32768K, 0% used [0x00000000eb180000,0x00000000eb180000,0x00000000ed180000)
  from space 2560K, 99% used [0x00000000ed400000,0x00000000ed67e4c0,0x00000000ed680000)
  to   space 2560K, 0% used [0x00000000ed180000,0x00000000ed180000,0x00000000ed400000)
 ParOldGen       total 44032K, used 13649K [0x00000000c1400000, 0x00000000c3f00000, 0x00000000eb180000)
  object space 44032K, 30% used [0x00000000c1400000,0x00000000c2154790,0x00000000c3f00000)
 Metaspace       used 20202K, capacity 21126K, committed 21296K, reserved 1067008K
  class space    used 2706K, capacity 2913K, committed 2944K, reserved 1048576K
Event: 7.837 GC heap after
Heap after GC invocations=9 (full 1):
 PSYoungGen      total 35328K, used 0K [0x00000000eb180000, 0x00000000ed680000, 0x0000000100000000)
  eden space 32768K, 0% used [0x00000000eb180000,0x00000000eb180000,0x00000000ed180000)
  from space 2560K, 0% used [0x00000000ed400000,0x00000000ed400000,0x00000000ed680000)
  to   space 2560K, 0% used [0x00000000ed180000,0x00000000ed180000,0x00000000ed400000)
 ParOldGen       total 36352K, used 9096K [0x00000000c1400000, 0x00000000c3780000, 0x00000000eb180000)
  object space 36352K, 25% used [0x00000000c1400000,0x00000000c1ce2028,0x00000000c3780000)
 Metaspace       used 20201K, capacity 21120K, committed 21296K, reserved 1067008K
  class space    used 2705K, capacity 2912K, committed 2944K, reserved 1048576K
}
Event: 9.865 GC heap before
{Heap before GC invocations=10 (full 1):
 PSYoungGen      total 35328K, used 32768K [0x00000000eb180000, 0x00000000ed680000, 0x0000000100000000)
  eden space 32768K, 100% used [0x00000000eb180000,0x00000000ed180000,0x00000000ed180000)
  from space 2560K, 0% used [0x00000000ed400000,0x00000000ed400000,0x00000000ed680000)
  to   space 2560K, 0% used [0x00000000ed180000,0x00000000ed180000,0x00000000ed400000)
 ParOldGen       total 36352K, used 9096K [0x00000000c1400000, 0x00000000c3780000, 0x00000000eb180000)
  object space 36352K, 25% used [0x00000000c1400000,0x00000000c1ce2028,0x00000000c3780000)
 Metaspace       used 23295K, capacity 24568K, committed 24832K, reserved 1071104K
  class space    used 3183K, capacity 3462K, committed 3584K, reserved 1048576K
Event: 9.883 GC heap after
Heap after GC invocations=10 (full 1):
 PSYoungGen      total 35328K, used 2553K [0x00000000eb180000, 0x00000000ee680000, 0x0000000100000000)
  eden space 32768K, 0% used [0x00000000eb180000,0x00000000eb180000,0x00000000ed180000)
  from space 2560K, 99% used [0x00000000ed180000,0x00000000ed3fe720,0x00000000ed400000)
  to   space 5632K, 0% used [0x00000000ee100000,0x00000000ee100000,0x00000000ee680000)
 ParOldGen       total 36352K, used 11163K [0x00000000c1400000, 0x00000000c3780000, 0x00000000eb180000)
  object space 36352K, 30% used [0x00000000c1400000,0x00000000c1ee6fa0,0x00000000c3780000)
 Metaspace       used 23295K, capacity 24568K, committed 24832K, reserved 1071104K
  class space    used 3183K, capacity 3462K, committed 3584K, reserved 1048576K
}
Event: 11.434 GC heap before
{Heap before GC invocations=11 (full 1):
 PSYoungGen      total 35328K, used 35292K [0x00000000eb180000, 0x00000000ee680000, 0x0000000100000000)
  eden space 32768K, 99% used [0x00000000eb180000,0x00000000ed178a20,0x00000000ed180000)
  from space 2560K, 99% used [0x00000000ed180000,0x00000000ed3fe720,0x00000000ed400000)
  to   space 5632K, 0% used [0x00000000ee100000,0x00000000ee100000,0x00000000ee680000)
 ParOldGen       total 36352K, used 11163K [0x00000000c1400000, 0x00000000c3780000, 0x00000000eb180000)
  object space 36352K, 30% used [0x00000000c1400000,0x00000000c1ee6fa0,0x00000000c3780000)
 Metaspace       used 25394K, capacity 27006K, committed 27392K, reserved 1073152K
  class space    used 3454K, capacity 3751K, committed 3840K, reserved 1048576K
Event: 11.455 GC heap after
Heap after GC invocations=11 (full 1):
 PSYoungGen      total 48640K, used 5222K [0x00000000eb180000, 0x00000000ee680000, 0x0000000100000000)
  eden space 43008K, 0% used [0x00000000eb180000,0x00000000eb180000,0x00000000edb80000)
  from space 5632K, 92% used [0x00000000ee100000,0x00000000ee619a20,0x00000000ee680000)
  to   space 5632K, 0% used [0x00000000edb80000,0x00000000edb80000,0x00000000ee100000)
 ParOldGen       total 36352K, used 11171K [0x00000000c1400000, 0x00000000c3780000, 0x00000000eb180000)
  object space 36352K, 30% used [0x00000000c1400000,0x00000000c1ee8fa0,0x00000000c3780000)
 Metaspace       used 25394K, capacity 27006K, committed 27392K, reserved 1073152K
  class space    used 3454K, capacity 3751K, committed 3840K, reserved 1048576K
}
Event: 12.805 GC heap before
{Heap before GC invocations=12 (full 1):
 PSYoungGen      total 48640K, used 48230K [0x00000000eb180000, 0x00000000ee680000, 0x0000000100000000)
  eden space 43008K, 100% used [0x00000000eb180000,0x00000000edb80000,0x00000000edb80000)
  from space 5632K, 92% used [0x00000000ee100000,0x00000000ee619a20,0x00000000ee680000)
  to   space 5632K, 0% used [0x00000000edb80000,0x00000000edb80000,0x00000000ee100000)
 ParOldGen       total 36352K, used 11171K [0x00000000c1400000, 0x00000000c3780000, 0x00000000eb180000)
  object space 36352K, 30% used [0x00000000c1400000,0x00000000c1ee8fa0,0x00000000c3780000)
 Metaspace       used 27495K, capacity 29204K, committed 29440K, reserved 1075200K
  class space    used 3752K, capacity 4080K, committed 4096K, reserved 1048576K
Event: 12.831 GC heap after
Heap after GC invocations=12 (full 1):
 PSYoungGen      total 48640K, used 3956K [0x00000000eb180000, 0x00000000ef380000, 0x0000000100000000)
  eden space 43008K, 0% used [0x00000000eb180000,0x00000000eb180000,0x00000000edb80000)
  from space 5632K, 70% used [0x00000000edb80000,0x00000000edf5d2f8,0x00000000ee100000)
  to   space 5632K, 0% used [0x00000000eee00000,0x00000000eee00000,0x00000000ef380000)
 ParOldGen       total 36352K, used 13091K [0x00000000c1400000, 0x00000000c3780000, 0x00000000eb180000)
  object space 36352K, 36% used [0x00000000c1400000,0x00000000c20c8fc0,0x00000000c3780000)
 Metaspace       used 27495K, capacity 29204K, committed 29440K, reserved 1075200K
  class space    used 3752K, capacity 4080K, committed 4096K, reserved 1048576K
}
Event: 14.398 GC heap before
{Heap before GC invocations=13 (full 1):
 PSYoungGen      total 48640K, used 46964K [0x00000000eb180000, 0x00000000ef380000, 0x0000000100000000)
  eden space 43008K, 100% used [0x00000000eb180000,0x00000000edb80000,0x00000000edb80000)
  from space 5632K, 70% used [0x00000000edb80000,0x00000000edf5d2f8,0x00000000ee100000)
  to   space 5632K, 0% used [0x00000000eee00000,0x00000000eee00000,0x00000000ef380000)
 ParOldGen       total 36352K, used 13091K [0x00000000c1400000, 0x00000000c3780000, 0x00000000eb180000)
  object space 36352K, 36% used [0x00000000c1400000,0x00000000c20c8fc0,0x00000000c3780000)
 Metaspace       used 31440K, capacity 33434K, committed 33664K, reserved 1079296K
  class space    used 4334K, capacity 4695K, committed 4736K, reserved 1048576K
Event: 14.429 GC heap after
Heap after GC invocations=13 (full 1):
 PSYoungGen      total 48640K, used 5621K [0x00000000eb180000, 0x00000000ef380000, 0x0000000100000000)
  eden space 43008K, 0% used [0x00000000eb180000,0x00000000eb180000,0x00000000edb80000)
  from space 5632K, 99% used [0x00000000eee00000,0x00000000ef37d798,0x00000000ef380000)
  to   space 5632K, 0% used [0x00000000edb80000,0x00000000edb80000,0x00000000ee100000)
 ParOldGen       total 36352K, used 15224K [0x00000000c1400000, 0x00000000c3780000, 0x00000000eb180000)
  object space 36352K, 41% used [0x00000000c1400000,0x00000000c22de070,0x00000000c3780000)
 Metaspace       used 31440K, capacity 33434K, committed 33664K, reserved 1079296K
  class space    used 4334K, capacity 4695K, committed 4736K, reserved 1048576K
}

Deoptimization events (0 events):
No events

Classes redefined (0 events):
No events

Internal exceptions (10 events):
Event: 14.114 Thread 0x0000000002ab6000 Exception <a 'java/lang/ArrayIndexOutOfBoundsException'> (0x00000000ed275450) thrown at [C:\re\workspace\8-2-build-windows-amd64-cygwin\jdk8u231\13620\hotspot\src\share\vm\runtime\sharedRuntime.cpp, line 605]
Event: 14.114 Thread 0x0000000002ab6000 Exception <a 'java/lang/ArrayIndexOutOfBoundsException'> (0x00000000ed2784f0) thrown at [C:\re\workspace\8-2-build-windows-amd64-cygwin\jdk8u231\13620\hotspot\src\share\vm\runtime\sharedRuntime.cpp, line 605]
Event: 14.115 Thread 0x0000000002ab6000 Exception <a 'java/lang/ArrayIndexOutOfBoundsException'> (0x00000000ed27a390) thrown at [C:\re\workspace\8-2-build-windows-amd64-cygwin\jdk8u231\13620\hotspot\src\share\vm\runtime\sharedRuntime.cpp, line 605]
Event: 14.120 Thread 0x0000000002ab6000 Exception <a 'java/lang/ArrayIndexOutOfBoundsException'> (0x00000000ed27c288) thrown at [C:\re\workspace\8-2-build-windows-amd64-cygwin\jdk8u231\13620\hotspot\src\share\vm\runtime\sharedRuntime.cpp, line 605]
Event: 14.121 Thread 0x0000000002ab6000 Exception <a 'java/lang/ArrayIndexOutOfBoundsException'> (0x00000000ed27d1e0) thrown at [C:\re\workspace\8-2-build-windows-amd64-cygwin\jdk8u231\13620\hotspot\src\share\vm\runtime\sharedRuntime.cpp, line 605]
Event: 14.121 Thread 0x0000000002ab6000 Exception <a 'java/lang/ArrayIndexOutOfBoundsException'> (0x00000000ed27e538) thrown at [C:\re\workspace\8-2-build-windows-amd64-cygwin\jdk8u231\13620\hotspot\src\share\vm\runtime\sharedRuntime.cpp, line 605]
Event: 14.257 Thread 0x0000000002ab6000 Exception <a 'java/lang/IncompatibleClassChangeError': Found class java.lang.Object, but interface was expected> (0x00000000ed6d7858) thrown at [C:\re\workspace\8-2-build-windows-amd64-cygwin\jdk8u231\13620\hotspot\src\share\vm\interpreter\linkResolver.cp
Event: 14.564 Thread 0x0000000002ab6000 Exception <a 'java/lang/ArrayIndexOutOfBoundsException'> (0x00000000eb58d230) thrown at [C:\re\workspace\8-2-build-windows-amd64-cygwin\jdk8u231\13620\hotspot\src\share\vm\runtime\sharedRuntime.cpp, line 605]
Event: 14.578 Thread 0x0000000002ab6000 Exception <a 'java/lang/ArrayIndexOutOfBoundsException'> (0x00000000eb5a7b00) thrown at [C:\re\workspace\8-2-build-windows-amd64-cygwin\jdk8u231\13620\hotspot\src\share\vm\runtime\sharedRuntime.cpp, line 605]
Event: 14.580 Thread 0x0000000002ab6000 Exception <a 'java/lang/ArrayIndexOutOfBoundsException'> (0x00000000eb5abd80) thrown at [C:\re\workspace\8-2-build-windows-amd64-cygwin\jdk8u231\13620\hotspot\src\share\vm\runtime\sharedRuntime.cpp, line 605]

Events (10 events):
Event: 15.157 Thread 0x0000000019332000 Thread added: 0x0000000019332000
Event: 15.157 Thread 0x0000000019332800 Thread added: 0x0000000019332800
Event: 15.157 Thread 0x0000000019334000 Thread added: 0x0000000019334000
Event: 15.158 Thread 0x000000001b864000 Thread added: 0x000000001b864000
Event: 15.158 Thread 0x000000001b866800 Thread added: 0x000000001b866800
Event: 15.159 Thread 0x000000001b867000 Thread added: 0x000000001b867000
Event: 15.159 loading class org/apache/tomcat/util/net/NioEndpoint$Poller
Event: 15.159 loading class org/apache/tomcat/util/net/NioEndpoint$Poller done
Event: 15.224 loading class org/hibernate/boot/spi/ClassLoaderAccess
Event: 15.224 loading class org/hibernate/boot/spi/ClassLoaderAccess done


Dynamic libraries:
0x00007ff64de60000 - 0x00007ff64de97000 	C:\Program Files\Java\jre1.8.0_231\bin\javaw.exe
0x00007fffa67c0000 - 0x00007fffa69b0000 	C:\WINDOWS\SYSTEM32\ntdll.dll
0x00007fffa4b10000 - 0x00007fffa4bc2000 	C:\WINDOWS\System32\KERNEL32.DLL
0x00007fffa3c90000 - 0x00007fffa3f34000 	C:\WINDOWS\System32\KERNELBASE.dll
0x00007fffa4e40000 - 0x00007fffa4ee3000 	C:\WINDOWS\System32\ADVAPI32.dll
0x00007fffa58b0000 - 0x00007fffa594e000 	C:\WINDOWS\System32\msvcrt.dll
0x00007fffa4da0000 - 0x00007fffa4e37000 	C:\WINDOWS\System32\sechost.dll
0x00007fffa4bd0000 - 0x00007fffa4cf0000 	C:\WINDOWS\System32\RPCRT4.dll
0x00007fffa65b0000 - 0x00007fffa6744000 	C:\WINDOWS\System32\USER32.dll
0x00007fffa3c60000 - 0x00007fffa3c81000 	C:\WINDOWS\System32\win32u.dll
0x00007fffa5750000 - 0x00007fffa5776000 	C:\WINDOWS\System32\GDI32.dll
0x00007fffa3750000 - 0x00007fffa38e5000 	C:\WINDOWS\System32\gdi32full.dll
0x00007fffa3f40000 - 0x00007fffa3fde000 	C:\WINDOWS\System32\msvcp_win.dll
0x00007fffa3b60000 - 0x00007fffa3c5a000 	C:\WINDOWS\System32\ucrtbase.dll
0x00007fff94440000 - 0x00007fff946c4000 	C:\WINDOWS\WinSxS\amd64_microsoft.windows.common-controls_6595b64144ccf1df_6.0.18362.900_none_e6beb9d913147d17\COMCTL32.dll
0x00007fffa5310000 - 0x00007fffa5645000 	C:\WINDOWS\System32\combase.dll
0x00007fffa3910000 - 0x00007fffa3990000 	C:\WINDOWS\System32\bcryptPrimitives.dll
0x00007fffa6750000 - 0x00007fffa677e000 	C:\WINDOWS\System32\IMM32.DLL
0x0000000057ba0000 - 0x0000000057c72000 	C:\Program Files\Java\jre1.8.0_231\bin\msvcr100.dll
0x0000000056960000 - 0x0000000057206000 	C:\Program Files\Java\jre1.8.0_231\bin\server\jvm.dll
0x00007fffa5dd0000 - 0x00007fffa5dd8000 	C:\WINDOWS\System32\PSAPI.DLL
0x00007fff8e170000 - 0x00007fff8e179000 	C:\WINDOWS\SYSTEM32\WSOCK32.dll
0x00007fffa4aa0000 - 0x00007fffa4b0f000 	C:\WINDOWS\System32\WS2_32.dll
0x00007fffa1840000 - 0x00007fffa1864000 	C:\WINDOWS\SYSTEM32\WINMM.dll
0x00007fff97420000 - 0x00007fff9742a000 	C:\WINDOWS\SYSTEM32\VERSION.dll
0x00007fffa1810000 - 0x00007fffa183d000 	C:\WINDOWS\SYSTEM32\WINMMBASE.dll
0x00007fffa3b10000 - 0x00007fffa3b5a000 	C:\WINDOWS\System32\cfgmgr32.dll
0x00007fffa18a0000 - 0x00007fffa18af000 	C:\Program Files\Java\jre1.8.0_231\bin\verify.dll
0x00007fff9e870000 - 0x00007fff9e899000 	C:\Program Files\Java\jre1.8.0_231\bin\java.dll
0x00007fff9ff80000 - 0x00007fff9ff96000 	C:\Program Files\Java\jre1.8.0_231\bin\zip.dll
0x00007fffa5ec0000 - 0x00007fffa65a6000 	C:\WINDOWS\System32\SHELL32.dll
0x00007fffa4cf0000 - 0x00007fffa4d99000 	C:\WINDOWS\System32\shcore.dll
0x00007fffa40f0000 - 0x00007fffa4870000 	C:\WINDOWS\System32\windows.storage.dll
0x00007fffa36b0000 - 0x00007fffa36d3000 	C:\WINDOWS\System32\profapi.dll
0x00007fffa36e0000 - 0x00007fffa372a000 	C:\WINDOWS\System32\powrprof.dll
0x00007fffa3680000 - 0x00007fffa3690000 	C:\WINDOWS\System32\UMPDC.dll
0x00007fffa4ef0000 - 0x00007fffa4f42000 	C:\WINDOWS\System32\shlwapi.dll
0x00007fffa3730000 - 0x00007fffa3741000 	C:\WINDOWS\System32\kernel.appcore.dll
0x00007fffa38f0000 - 0x00007fffa3907000 	C:\WINDOWS\System32\cryptsp.dll
0x00007fffa0020000 - 0x00007fffa002d000 	C:\Program Files\Java\jre1.8.0_231\bin\management.dll
0x00007fff9e850000 - 0x00007fff9e86a000 	C:\Program Files\Java\jre1.8.0_231\bin\net.dll
0x00007fffa2e90000 - 0x00007fffa2ef7000 	C:\WINDOWS\system32\mswsock.dll
0x00007fff9dda0000 - 0x00007fff9ddb2000 	C:\Program Files\Java\jre1.8.0_231\bin\nio.dll
0x00007fff86200000 - 0x00007fff86216000 	C:\WINDOWS\system32\napinsp.dll
0x00007fff861b0000 - 0x00007fff861ca000 	C:\WINDOWS\system32\pnrpnsp.dll
0x00007fffa2be0000 - 0x00007fffa2cab000 	C:\WINDOWS\SYSTEM32\DNSAPI.dll
0x00007fffa5950000 - 0x00007fffa5958000 	C:\WINDOWS\System32\NSI.dll
0x00007fffa2ba0000 - 0x00007fffa2bda000 	C:\WINDOWS\SYSTEM32\IPHLPAPI.DLL
0x00007fff861a0000 - 0x00007fff861ae000 	C:\WINDOWS\System32\winrnr.dll
0x00007fff9fce0000 - 0x00007fff9fcfc000 	C:\WINDOWS\system32\NLAapi.dll
0x00007fff9ea60000 - 0x00007fff9ea75000 	C:\WINDOWS\system32\wshbth.dll
0x00007fff95ee0000 - 0x00007fff95eea000 	C:\Windows\System32\rasadhlp.dll
0x00007fff9aad0000 - 0x00007fff9ab47000 	C:\WINDOWS\System32\fwpuclnt.dll
0x00007fffa3ae0000 - 0x00007fffa3b06000 	C:\WINDOWS\System32\bcrypt.dll
0x00007fffa2a00000 - 0x00007fffa2a33000 	C:\WINDOWS\system32\rsaenh.dll
0x00007fffa3570000 - 0x00007fffa3595000 	C:\WINDOWS\SYSTEM32\USERENV.dll
0x00007fffa3060000 - 0x00007fffa306c000 	C:\WINDOWS\SYSTEM32\CRYPTBASE.dll
0x00007fff9b7a0000 - 0x00007fff9b7b6000 	C:\WINDOWS\SYSTEM32\dhcpcsvc6.DLL
0x00007fff9c660000 - 0x00007fff9c67c000 	C:\WINDOWS\SYSTEM32\dhcpcsvc.DLL
0x00007fff8f7a0000 - 0x00007fff8f994000 	C:\WINDOWS\SYSTEM32\dbghelp.dll

VM Arguments:
jvm_args: -Dcom.sun.management.jmxremote -Dcom.sun.management.jmxremote.port=53331 -Dcom.sun.management.jmxremote.authenticate=false -Dcom.sun.management.jmxremote.ssl=false -Djava.rmi.server.hostname=localhost -Dspring.jmx.enabled=true -Dspring.application.admin.enabled=true -Xverify:none -XX:TieredStopAtLevel=1 -Dspring.boot.project.name=managerEmp_service -Dfile.encoding=UTF-8 
java_command: com.rohit.reg.service.ManagerEmpServiceApplication --spring.output.ansi.enabled=always
java_class_path (initial): F:\myproject\Spring Project\managerEmp_service\target\classes;C:\Users\Admin\.m2\repository\org\springframework\boot\spring-boot-starter-data-jpa\2.3.1.RELEASE\spring-boot-starter-data-jpa-2.3.1.RELEASE.jar;C:\Users\Admin\.m2\repository\org\springframework\boot\spring-boot-starter-aop\2.3.1.RELEASE\spring-boot-starter-aop-2.3.1.RELEASE.jar;C:\Users\Admin\.m2\repository\org\springframework\spring-aop\5.2.7.RELEASE\spring-aop-5.2.7.RELEASE.jar;C:\Users\Admin\.m2\repository\org\aspectj\aspectjweaver\1.9.5\aspectjweaver-1.9.5.jar;C:\Users\Admin\.m2\repository\org\springframework\boot\spring-boot-starter-jdbc\2.3.1.RELEASE\spring-boot-starter-jdbc-2.3.1.RELEASE.jar;C:\Users\Admin\.m2\repository\com\zaxxer\HikariCP\3.4.5\HikariCP-3.4.5.jar;C:\Users\Admin\.m2\repository\org\springframework\spring-jdbc\5.2.7.RELEASE\spring-jdbc-5.2.7.RELEASE.jar;C:\Users\Admin\.m2\repository\jakarta\transaction\jakarta.transaction-api\1.3.3\jakarta.transaction-api-1.3.3.jar;C:\Users\Admin\.m2\repository\jakarta\persistence\jakarta.persistence-api\2.2.3\jakarta.persistence-api-2.2.3.jar;C:\Users\Admin\.m2\repository\org\springframework\data\spring-data-jpa\2.3.1.RELEASE\spring-data-jpa-2.3.1.RELEASE.jar;C:\Users\Admin\.m2\repository\org\springframework\data\spring-data-commons\2.3.1.RELEASE\spring-data-commons-2.3.1.RELEASE.jar;C:\Users\Admin\.m2\repository\org\springframework\spring-orm\5.2.7.RELEASE\spring-orm-5.2.7.RELEASE.jar;C:\Users\Admin\.m2\repository\org\springframework\spring-context\5.2.7.RELEASE\spring-context-5.2.7.RELEASE.jar;C:\Users\Admin\.m2\repository\org\springframework\spring-tx\5.2.7.RELEASE\spring-tx-5.2.7.RELEASE.jar;C:\Users\Admin\.m2\repository\org\springframework\spring-beans\5.2.7.RELEASE\spring-beans-5.2.7.RELEASE.jar;C:\Users\Admin\.m2\repository\org\slf4j\slf4j-api\1.7.30\slf4j-api-1.7.30.jar;C:\Users\Admin\.m2\repository\org\springframework\spring-aspects\5.2.7.RELEASE\spring-aspects-5.2.7.RELEASE.jar;C:\Users\Admin\.m2\repository\o
Launcher Type: SUN_STANDARD

Environment Variables:
PATH=C:/Program Files/Java/jre1.8.0_231/bin/server;C:/Program Files/Java/jre1.8.0_231/bin;C:/Program Files/Java/jre1.8.0_231/lib/amd64;C:\Program Files (x86)\Common Files\Oracle\Java\javapath;F:\app\Admin\product\11.2.0\dbhome_1\bin;C:\WINDOWS\system32;C:\WINDOWS;C:\WINDOWS\System32\Wbem;C:\WINDOWS\System32\WindowsPowerShell\v1.0\;C:\Program Files\dotnet\;C:\Program Files\Microsoft SQL Server\Client SDK\ODBC\130\Tools\Binn\;C:\Program Files (x86)\Microsoft SQL Server\140\Tools\Binn\;C:\Program Files\Microsoft SQL Server\140\Tools\Binn\;C:\Program Files\Microsoft SQL Server\140\DTS\Binn\;C:\Program Files (x86)\Microsoft SQL Server\140\DTS\Binn\;C:\Program Files (x86)\MySQL\MySQL Server 5.5\bin;C:\Program Files\nodejs\;C:\Program Files\Intel\WiFi\bin\;C:\Program Files\Common Files\Intel\WirelessCommon\;C:\Program Files\Git\cmd;C:\Program Files\Microsoft SQL Server\Client SDK\ODBC\170\Tools\Binn\;C:\Program Files (x86)\Microsoft SQL Server\150\Tools\Binn\;C:\Program Files\Microsoft SQL Server\150\Tools\Binn\;C:\Program Files\Microsoft SQL Server\150\DTS\Binn\;C:\WINDOWS\System32\OpenSSH\;C:\Program Files (x86)\Microsoft SQL Server\150\DTS\Binn\;C:\Program Files\apache-maven-3.6.3\bin;C:\Users\Admin\AppData\Roaming\npm;C:\Program Files\Intel\WiFi\bin\;C:\Program Files\Common Files\Intel\WirelessCommon\;C:\Users\Admin\AppData\Local\Programs\Microsoft VS Code\bin;C:\Users\Admin\AppData\Local\Microsoft\WindowsApps;;F:\myproject\Spring tool suits\sts-4.7.0.RELEASE;
USERNAME=Admin
OS=Windows_NT
PROCESSOR_IDENTIFIER=Intel64 Family 6 Model 60 Stepping 3, GenuineIntel



---------------  S Y S T E M  ---------------

OS: Windows 10.0 , 64 bit Build 18362 (10.0.18362.900)

CPU:total 4 (initial active 4) (2 cores per cpu, 2 threads per core) family 6 model 60 stepping 3, cmov, cx8, fxsr, mmx, sse, sse2, sse3, ssse3, sse4.1, sse4.2, popcnt, avx, avx2, aes, clmul, erms, lzcnt, ht, tsc, tscinvbit, bmi1, bmi2

Memory: 4k page, physical 4104472k(273340k free), swap 6059288k(588k free)

vm_info: Java HotSpot(TM) 64-Bit Server VM (25.231-b11) for windows-amd64 JRE (1.8.0_231-b11), built on Oct  5 2019 03:11:30 by "java_re" with MS VC++ 10.0 (VS2010)

time: Fri Jul 17 18:01:13 2020
timezone: India Standard Time
elapsed time: 15 seconds (0d 0h 0m 15s)

